<?xml version="1.0" encoding="UTF-8"?>
<!-- Generated by org.testng.reporters.JUnitXMLReporter -->
<testsuite hostname="SAJIDs-MBP.fios-router.home" ignored="2" name="Default test" tests="1" failures="0" timestamp="2021-05-19T18:33:05 EDT" time="20.938" errors="0">
  <testcase name="targetaAllPagesExecution" time="15.239" classname="web.pages.execution.TargetPagesExecution"/>
  <testcase name="@BeforeTest setup" time="0.0" classname="browser.setup.BaseClass">
    <ignored/>
  </testcase> <!-- @BeforeTest setup -->
  <testcase name="@AfterTest tearDown" time="0.0" classname="browser.setup.BaseClass">
    <ignored/>
  </testcase> <!-- @AfterTest tearDown -->
</testsuite> <!-- Default test -->
