<?xml version="1.0" encoding="UTF-8"?>
<testng-results skipped="0" failed="0" ignored="2" total="3" passed="1">
  <reporter-output>
  </reporter-output>
  <suite name="Default suite" duration-ms="20938" started-at="2021-05-19T18:32:44 EDT" finished-at="2021-05-19T18:33:05 EDT">
    <groups>
    </groups>
    <test name="Default test" duration-ms="20938" started-at="2021-05-19T18:32:44 EDT" finished-at="2021-05-19T18:33:05 EDT">
      <class name="web.pages.execution.TargetPagesExecution">
        <test-method status="PASS" signature="setup()[pri:0, instance:web.pages.execution.TargetPagesExecution@34cd072c]" name="setup" is-config="true" duration-ms="5471" started-at="2021-05-19T18:32:44 EDT" finished-at="2021-05-19T18:32:49 EDT">
          <reporter-output>
          </reporter-output>
        </test-method> <!-- setup -->
        <test-method status="PASS" signature="targetaAllPagesExecution()[pri:0, instance:web.pages.execution.TargetPagesExecution@34cd072c]" name="targetaAllPagesExecution" duration-ms="15239" started-at="2021-05-19T18:32:49 EDT" finished-at="2021-05-19T18:33:04 EDT">
          <reporter-output>
          </reporter-output>
        </test-method> <!-- targetaAllPagesExecution -->
        <test-method status="PASS" signature="tearDown()[pri:0, instance:web.pages.execution.TargetPagesExecution@34cd072c]" name="tearDown" is-config="true" duration-ms="195" started-at="2021-05-19T18:33:04 EDT" finished-at="2021-05-19T18:33:05 EDT">
          <reporter-output>
          </reporter-output>
        </test-method> <!-- tearDown -->
      </class> <!-- web.pages.execution.TargetPagesExecution -->
    </test> <!-- Default test -->
  </suite> <!-- Default suite -->
</testng-results>
